# JRE version: 7.0_21-b11
# Java VM: Java HotSpot(TM) Server VM (23.21-b01 mixed mode linux-x86 )
Heap
 PSYoungGen      total 48768K, used 240K [0xa3600000, 0xa8920000, 0xb3600000)
  eden space 48512K, 0% used [0xa3600000,0xa3600000,0xa6560000)
  from space 256K, 93% used [0xa66a0000,0xa66dc000,0xa66e0000)
  to   space 18304K, 0% used [0xa7740000,0xa7740000,0xa8920000)
 ParOldGen       total 131008K, used 129406K [0x83600000, 0x8b5f0000, 0xa3600000)
  object space 131008K, 98% used [0x83600000,0x8b45f920,0x8b5f0000)
 PSPermGen       total 55552K, used 54097K [0x73600000, 0x76c40000, 0x83600000)
  object space 55552K, 97% used [0x73600000,0x76ad4780,0x76c40000)
GC Heap History (10 events):
Event: 14171.568 GC heap after
Heap after GC invocations=61 (full 2):
 PSYoungGen      total 56128K, used 2140K [0xa3600000, 0xa93b0000, 0xb3600000)
  eden space 53952K, 0% used [0xa3600000,0xa3600000,0xa6ab0000)
  from space 2176K, 98% used [0xa6c20000,0xa6e37048,0xa6e40000)
  to   space 20992K, 0% used [0xa7f30000,0xa7f30000,0xa93b0000)
 ParOldGen       total 131008K, used 127474K [0x83600000, 0x8b5f0000, 0xa3600000)
  object space 131008K, 97% used [0x83600000,0x8b27ca20,0x8b5f0000)
 PSPermGen       total 55552K, used 54097K [0x73600000, 0x76c40000, 0x83600000)
  object space 55552K, 97% used [0x73600000,0x76ad4478,0x76c40000)
}
Event: 14571.411 GC heap before
{Heap before GC invocations=62 (full 2):
 PSYoungGen      total 56128K, used 56092K [0xa3600000, 0xa93b0000, 0xb3600000)
  eden space 53952K, 100% used [0xa3600000,0xa6ab0000,0xa6ab0000)
  from space 2176K, 98% used [0xa6c20000,0xa6e37048,0xa6e40000)
  to   space 20992K, 0% used [0xa7f30000,0xa7f30000,0xa93b0000)
 ParOldGen       total 131008K, used 127474K [0x83600000, 0x8b5f0000, 0xa3600000)
  object space 131008K, 97% used [0x83600000,0x8b27ca20,0x8b5f0000)
 PSPermGen       total 55552K, used 54097K [0x73600000, 0x76c40000, 0x83600000)
  object space 55552K, 97% used [0x73600000,0x76ad4478,0x76c40000)
Event: 14571.418 GC heap after
Heap after GC invocations=62 (full 2):
 PSYoungGen      total 70720K, used 1892K [0xa3600000, 0xa90f0000, 0xb3600000)
  eden space 52544K, 0% used [0xa3600000,0xa3600000,0xa6950000)
  from space 18176K, 10% used [0xa7f30000,0xa8109038,0xa90f0000)
  to   space 20288K, 0% used [0xa6950000,0xa6950000,0xa7d20000)
 ParOldGen       total 131008K, used 127710K [0x83600000, 0x8b5f0000, 0xa3600000)
  object space 131008K, 97% used [0x83600000,0x8b2b7a50,0x8b5f0000)
 PSPermGen       total 55552K, used 54097K [0x73600000, 0x76c40000, 0x83600000)
  object space 55552K, 97% used [0x73600000,0x76ad4478,0x76c40000)
}
Event: 16036.880 GC heap before
{Heap before GC invocations=63 (full 2):
 PSYoungGen      total 70720K, used 54436K [0xa3600000, 0xa90f0000, 0xb3600000)
  eden space 52544K, 100% used [0xa3600000,0xa6950000,0xa6950000)
  from space 18176K, 10% used [0xa7f30000,0xa8109038,0xa90f0000)
  to   space 20288K, 0% used [0xa6950000,0xa6950000,0xa7d20000)
 ParOldGen       total 131008K, used 127710K [0x83600000, 0x8b5f0000, 0xa3600000)
  object space 131008K, 97% used [0x83600000,0x8b2b7a50,0x8b5f0000)
 PSPermGen       total 55552K, used 54097K [0x73600000, 0x76c40000, 0x83600000)
  object space 55552K, 97% used [0x73600000,0x76ad4518,0x76c40000)
Event: 16036.893 GC heap after
Heap after GC invocations=63 (full 2):
 PSYoungGen      total 52800K, used 1638K [0xa3600000, 0xa8e10000, 0xb3600000)
  eden space 51136K, 0% used [0xa3600000,0xa3600000,0xa67f0000)
  from space 1664K, 98% used [0xa6950000,0xa6ae9950,0xa6af0000)
  to   space 19520K, 0% used [0xa7b00000,0xa7b00000,0xa8e10000)
 ParOldGen       total 131008K, used 127956K [0x83600000, 0x8b5f0000, 0xa3600000)
  object space 131008K, 97% used [0x83600000,0x8b2f5148,0x8b5f0000)
 PSPermGen       total 55552K, used 54097K [0x73600000, 0x76c40000, 0x83600000)
  object space 55552K, 97% used [0x73600000,0x76ad4518,0x76c40000)
}
Event: 55121.840 GC heap before
{Heap before GC invocations=64 (full 2):
 PSYoungGen      total 52800K, used 52774K [0xa3600000, 0xa8e10000, 0xb3600000)
  eden space 51136K, 100% used [0xa3600000,0xa67f0000,0xa67f0000)
  from space 1664K, 98% used [0xa6950000,0xa6ae9950,0xa6af0000)
  to   space 19520K, 0% used [0xa7b00000,0xa7b00000,0xa8e10000)
 ParOldGen       total 131008K, used 127956K [0x83600000, 0x8b5f0000, 0xa3600000)
  object space 131008K, 97% used [0x83600000,0x8b2f5148,0x8b5f0000)
 PSPermGen       total 55552K, used 54097K [0x73600000, 0x76c40000, 0x83600000)
  object space 55552K, 97% used [0x73600000,0x76ad4518,0x76c40000)
Event: 55121.849 GC heap after
Heap after GC invocations=64 (full 2):
 PSYoungGen      total 66688K, used 1162K [0xa3600000, 0xa8b80000, 0xb3600000)
  eden space 49792K, 0% used [0xa3600000,0xa3600000,0xa66a0000)
  from space 16896K, 6% used [0xa7b00000,0xa7c22a30,0xa8b80000)
  to   space 18880K, 0% used [0xa66a0000,0xa66a0000,0xa7910000)
 ParOldGen       total 131008K, used 128468K [0x83600000, 0x8b5f0000, 0xa3600000)
  object space 131008K, 98% used [0x83600000,0x8b375368,0x8b5f0000)
 PSPermGen       total 55552K, used 54097K [0x73600000, 0x76c40000, 0x83600000)
  object space 55552K, 97% used [0x73600000,0x76ad4518,0x76c40000)
}
Event: 55496.909 GC heap before
{Heap before GC invocations=65 (full 2):
 PSYoungGen      total 66688K, used 50954K [0xa3600000, 0xa8b80000, 0xb3600000)
  eden space 49792K, 100% used [0xa3600000,0xa66a0000,0xa66a0000)
  from space 16896K, 6% used [0xa7b00000,0xa7c22a30,0xa8b80000)
  to   space 18880K, 0% used [0xa66a0000,0xa66a0000,0xa7910000)
 ParOldGen       total 131008K, used 128468K [0x83600000, 0x8b5f0000, 0xa3600000)
  object space 131008K, 98% used [0x83600000,0x8b375368,0x8b5f0000)
 PSPermGen       total 55552K, used 54097K [0x73600000, 0x76c40000, 0x83600000)
  object space 55552K, 97% used [0x73600000,0x76ad4780,0x76c40000)
Event: 55496.917 GC heap after
Heap after GC invocations=65 (full 2):
 PSYoungGen      total 48768K, used 240K [0xa3600000, 0xa8920000, 0xb3600000)
  eden space 48512K, 0% used [0xa3600000,0xa3600000,0xa6560000)
  from space 256K, 93% used [0xa66a0000,0xa66dc000,0xa66e0000)
  to   space 18304K, 0% used [0xa7740000,0xa7740000,0xa8920000)
 ParOldGen       total 131008K, used 129406K [0x83600000, 0x8b5f0000, 0xa3600000)
  object space 131008K, 98% used [0x83600000,0x8b45f920,0x8b5f0000)
 PSPermGen       total 55552K, used 54097K [0x73600000, 0x76c40000, 0x83600000)
  object space 55552K, 97% used [0x73600000,0x76ad4780,0x76c40000)
}
Event: 55496.917 GC heap before
{Heap before GC invocations=66 (full 3):
 PSYoungGen      total 48768K, used 240K [0xa3600000, 0xa8920000, 0xb3600000)
  eden space 48512K, 0% used [0xa3600000,0xa3600000,0xa6560000)
  from space 256K, 93% used [0xa66a0000,0xa66dc000,0xa66e0000)
  to   space 18304K, 0% used [0xa7740000,0xa7740000,0xa8920000)
 ParOldGen       total 131008K, used 129406K [0x83600000, 0x8b5f0000, 0xa3600000)
  object space 131008K, 98% used [0x83600000,0x8b45f920,0x8b5f0000)
 PSPermGen       total 55552K, used 54097K [0x73600000, 0x76c40000, 0x83600000)
  object space 55552K, 97% used [0x73600000,0x76ad4780,0x76c40000)

